Flutter crash report; please file at https://github.com/flutter/flutter/issues.

## command

flutter run --machine --target lib\main.dart -d emulator-5554 --start-paused

## exception

String: Exit code 1 from: C:\Users\user\AppData\Local\Android\sdk\platform-tools\adb.exe -s emulator-5554 shell -x logcat -v time -t 1

```
#0      _runWithLoggingSync (package:flutter_tools/src/base/process.dart:375:7)
#1      runCheckedSync (package:flutter_tools/src/base/process.dart:297:10)
#2      AndroidDevice.runAdbCheckedSync (package:flutter_tools/src/android/android_device.dart:180:12)
#3      AndroidDevice.lastLogcatTimestamp (package:flutter_tools/src/android/android_device.dart:571:27)
#4      _AdbLogReader._start (package:flutter_tools/src/android/android_device.dart:751:41)
#5      _runGuarded (dart:async/stream_controller.dart:805:24)
#6      _BroadcastStreamController._subscribe (dart:async/broadcast_stream_controller.dart:213:7)
#7      _ControllerStream._createSubscription (dart:async/stream_controller.dart:818:19)
#8      _StreamImpl.listen (dart:async/stream_impl.dart:472:9)
#9      FlutterDevice.startEchoingDeviceLog (package:flutter_tools/src/resident_runner.dart:325:38)
#10     FlutterDevice.runHot (package:flutter_tools/src/resident_runner.dart:368:5)
<asynchronous suspension>
#11     HotRunner.run (package:flutter_tools/src/run_hot.dart:251:39)
<asynchronous suspension>
#12     AppDomain.startApp.<anonymous closure> (package:flutter_tools/src/commands/daemon.dart:447:23)
#13     AppDomain.launch.<anonymous closure> (package:flutter_tools/src/commands/daemon.dart:507:26)
<asynchronous suspension>
#14     AppContext.run.<anonymous closure> (package:flutter_tools/src/base/context.dart:153:29)
<asynchronous suspension>
#15     _rootRun (dart:async/zone.dart:1124:13)
#16     _CustomZone.run (dart:async/zone.dart:1021:19)
#17     _runZoned (dart:async/zone.dart:1516:10)
#18     runZoned (dart:async/zone.dart:1463:12)
#19     AppContext.run (package:flutter_tools/src/base/context.dart:152:18)
<asynchronous suspension>
#20     AppInstance._runInZone (package:flutter_tools/src/commands/daemon.dart:887:20)
#21     AppDomain.launch (package:flutter_tools/src/commands/daemon.dart:505:15)
<asynchronous suspension>
#22     AppDomain.startApp (package:flutter_tools/src/commands/daemon.dart:441:12)
<asynchronous suspension>
#23     RunCommand.runCommand (package:flutter_tools/src/commands/run.dart:329:38)
<asynchronous suspension>
#24     FlutterCommand.verifyThenRunCommand (package:flutter_tools/src/runner/flutter_command.dart:478:18)
<asynchronous suspension>
#25     FlutterCommand.run.<anonymous closure> (package:flutter_tools/src/runner/flutter_command.dart:383:33)
<asynchronous suspension>
#26     AppContext.run.<anonymous closure> (package:flutter_tools/src/base/context.dart:153:29)
<asynchronous suspension>
#27     _rootRun (dart:async/zone.dart:1124:13)
#28     _CustomZone.run (dart:async/zone.dart:1021:19)
#29     _runZoned (dart:async/zone.dart:1516:10)
#30     runZoned (dart:async/zone.dart:1463:12)
#31     AppContext.run (package:flutter_tools/src/base/context.dart:152:18)
<asynchronous suspension>
#32     FlutterCommand.run (package:flutter_tools/src/runner/flutter_command.dart:375:20)
#33     CommandRunner.runCommand (package:args/command_runner.dart:197:27)
<asynchronous suspension>
#34     FlutterCommandRunner.runCommand.<anonymous closure> (package:flutter_tools/src/runner/flutter_command_runner.dart:396:21)
<asynchronous suspension>
#35     AppContext.run.<anonymous closure> (package:flutter_tools/src/base/context.dart:153:29)
<asynchronous suspension>
#36     _rootRun (dart:async/zone.dart:1124:13)
#37     _CustomZone.run (dart:async/zone.dart:1021:19)
#38     _runZoned (dart:async/zone.dart:1516:10)
#39     runZoned (dart:async/zone.dart:1463:12)
#40     AppContext.run (package:flutter_tools/src/base/context.dart:152:18)
<asynchronous suspension>
#41     FlutterCommandRunner.runCommand (package:flutter_tools/src/runner/flutter_command_runner.dart:356:19)
<asynchronous suspension>
#42     CommandRunner.run.<anonymous closure> (package:args/command_runner.dart:112:25)
#43     new Future.sync (dart:async/future.dart:224:31)
#44     CommandRunner.run (package:args/command_runner.dart:112:14)
#45     FlutterCommandRunner.run (package:flutter_tools/src/runner/flutter_command_runner.dart:242:18)
#46     run.<anonymous closure>.<anonymous closure> (package:flutter_tools/runner.dart:62:22)
<asynchronous suspension>
#47     _rootRun (dart:async/zone.dart:1124:13)
#48     _CustomZone.run (dart:async/zone.dart:1021:19)
#49     _runZoned (dart:async/zone.dart:1516:10)
#50     runZoned (dart:async/zone.dart:1500:12)
#51     run.<anonymous closure> (package:flutter_tools/runner.dart:60:18)
<asynchronous suspension>
#52     AppContext.run.<anonymous closure> (package:flutter_tools/src/base/context.dart:153:29)
<asynchronous suspension>
#53     _rootRun (dart:async/zone.dart:1124:13)
#54     _CustomZone.run (dart:async/zone.dart:1021:19)
#55     _runZoned (dart:async/zone.dart:1516:10)
#56     runZoned (dart:async/zone.dart:1463:12)
#57     AppContext.run (package:flutter_tools/src/base/context.dart:152:18)
<asynchronous suspension>
#58     runInContext (package:flutter_tools/src/context_runner.dart:56:24)
<asynchronous suspension>
#59     run (package:flutter_tools/runner.dart:51:10)
#60     main (package:flutter_tools/executable.dart:62:9)
<asynchronous suspension>
#61     main (file:///C:/flutter/packages/flutter_tools/bin/flutter_tools.dart:8:3)
#62     _startIsolate.<anonymous closure> (dart:isolate-patch/isolate_patch.dart:299:32)
#63     _RawReceivePortImpl._handleMessage (dart:isolate-patch/isolate_patch.dart:172:12)
```

## flutter doctor

```
encountered exception: VersionCheckError: Command exited with code 128: git log -n 1 --pretty=format:%ad --date=iso
Standard error: fatal: bad config line 1 in file .git/config


#0      _runSync (package:flutter_tools/src/version.dart:522:5)
#1      FlutterVersion._latestGitCommitDate (package:flutter_tools/src/version.dart:142:12)
#2      FlutterVersion.frameworkCommitDate (package:flutter_tools/src/version.dart:133:37)
#3      FlutterVersion.frameworkDate (package:flutter_tools/src/version.dart:95:31)
#4      FlutterValidator.validate (package:flutter_tools/src/doctor.dart:501:127)
<asynchronous suspension>
#5      Doctor.startValidatorTasks (package:flutter_tools/src/doctor.dart:152:52)
#6      Doctor.diagnose (package:flutter_tools/src/doctor.dart:223:41)
<asynchronous suspension>
#7      _doctorText.<anonymous closure> (package:flutter_tools/runner.dart:193:26)
#8      AppContext.run.<anonymous closure> (package:flutter_tools/src/base/context.dart:153:29)
<asynchronous suspension>
#9      _rootRun (dart:async/zone.dart:1124:13)
#10     _CustomZone.run (dart:async/zone.dart:1021:19)
#11     _runZoned (dart:async/zone.dart:1516:10)
#12     runZoned (dart:async/zone.dart:1463:12)
#13     AppContext.run (package:flutter_tools/src/base/context.dart:152:18)
<asynchronous suspension>
#14     _doctorText (package:flutter_tools/runner.dart:192:19)
<asynchronous suspension>
#15     _createLocalCrashReport (package:flutter_tools/runner.dart:170:32)
<asynchronous suspension>
#16     _handleToolError (package:flutter_tools/runner.dart:125:33)
<asynchronous suspension>
#17     run.<anonymous closure>.<anonymous closure> (package:flutter_tools/runner.dart:69:13)
<asynchronous suspension>
#18     _rootRunBinary (dart:async/zone.dart:1148:13)
#19     _CustomZone.runBinary (dart:async/zone.dart:1037:19)
#20     runZoned.<anonymous closure> (dart:async/zone.dart:1479:21)
#21     _CustomZone.handleUncaughtError (dart:async/zone.dart:1003:19)
#22     _runGuarded (dart:async/stream_controller.dart:807:18)
#23     _BroadcastStreamController._subscribe (dart:async/broadcast_stream_controller.dart:213:7)
#24     _ControllerStream._createSubscription (dart:async/stream_controller.dart:818:19)
#25     _StreamImpl.listen (dart:async/stream_impl.dart:472:9)
#26     FlutterDevice.startEchoingDeviceLog (package:flutter_tools/src/resident_runner.dart:325:38)
#27     FlutterDevice.runHot (package:flutter_tools/src/resident_runner.dart:368:5)
<asynchronous suspension>
#28     HotRunner.run (package:flutter_tools/src/run_hot.dart:251:39)
<asynchronous suspension>
#29     AppDomain.startApp.<anonymous closure> (package:flutter_tools/src/commands/daemon.dart:447:23)
#30     AppDomain.launch.<anonymous closure> (package:flutter_tools/src/commands/daemon.dart:507:26)
<asynchronous suspension>
#31     AppContext.run.<anonymous closure> (package:flutter_tools/src/base/context.dart:153:29)
<asynchronous suspension>
#32     _rootRun (dart:async/zone.dart:1124:13)
#33     _CustomZone.run (dart:async/zone.dart:1021:19)
#34     _runZoned (dart:async/zone.dart:1516:10)
#35     runZoned (dart:async/zone.dart:1463:12)
#36     AppContext.run (package:flutter_tools/src/base/context.dart:152:18)
<asynchronous suspension>
#37     AppInstance._runInZone (package:flutter_tools/src/commands/daemon.dart:887:20)
#38     AppDomain.launch (package:flutter_tools/src/commands/daemon.dart:505:15)
<asynchronous suspension>
#39     AppDomain.startApp (package:flutter_tools/src/commands/daemon.dart:441:12)
<asynchronous suspension>
#40     RunCommand.runCommand (package:flutter_tools/src/commands/run.dart:329:38)
<asynchronous suspension>
#41     FlutterCommand.verifyThenRunCommand (package:flutter_tools/src/runner/flutter_command.dart:478:18)
<asynchronous suspension>
#42     FlutterCommand.run.<anonymous closure> (package:flutter_tools/src/runner/flutter_command.dart:383:33)
<asynchronous suspension>
#43     AppContext.run.<anonymous closure> (package:flutter_tools/src/base/context.dart:153:29)
<asynchronous suspension>
#44     _rootRun (dart:async/zone.dart:1124:13)
#45     _CustomZone.run (dart:async/zone.dart:1021:19)
#46     _runZoned (dart:async/zone.dart:1516:10)
#47     runZoned (dart:async/zone.dart:1463:12)
#48     AppContext.run (package:flutter_tools/src/base/context.dart:152:18)
<asynchronous suspension>
#49     FlutterCommand.run (package:flutter_tools/src/runner/flutter_command.dart:375:20)
#50     CommandRunner.runCommand (package:args/command_runner.dart:197:27)
<asynchronous suspension>
#51     FlutterCommandRunner.runCommand.<anonymous closure> (package:flutter_tools/src/runner/flutter_command_runner.dart:396:21)
<asynchronous suspension>
#52     AppContext.run.<anonymous closure> (package:flutter_tools/src/base/context.dart:153:29)
<asynchronous suspension>
#53     _rootRun (dart:async/zone.dart:1124:13)
#54     _CustomZone.run (dart:async/zone.dart:1021:19)
#55     _runZoned (dart:async/zone.dart:1516:10)
#56     runZoned (dart:async/zone.dart:1463:12)
#57     AppContext.run (package:flutter_tools/src/base/context.dart:152:18)
<asynchronous suspension>
#58     FlutterCommandRunner.runCommand (package:flutter_tools/src/runner/flutter_command_runner.dart:356:19)
<asynchronous suspension>
#59     CommandRunner.run.<anonymous closure> (package:args/command_runner.dart:112:25)
#60     new Future.sync (dart:async/future.dart:224:31)
#61     CommandRunner.run (package:args/command_runner.dart:112:14)
#62     FlutterCommandRunner.run (package:flutter_tools/src/runner/flutter_command_runner.dart:242:18)
#63     run.<anonymous closure>.<anonymous closure> (package:flutter_tools/runner.dart:62:22)
<asynchronous suspension>
#64     _rootRun (dart:async/zone.dart:1124:13)
#65     _CustomZone.run (dart:async/zone.dart:1021:19)
#66     _runZoned (dart:async/zone.dart:1516:10)
#67     runZoned (dart:async/zone.dart:1500:12)
#68     run.<anonymous closure> (package:flutter_tools/runner.dart:60:18)
<asynchronous suspension>
#69     AppContext.run.<anonymous closure> (package:flutter_tools/src/base/context.dart:153:29)
<asynchronous suspension>
#70     _rootRun (dart:async/zone.dart:1124:13)
#71     _CustomZone.run (dart:async/zone.dart:1021:19)
#72     _runZoned (dart:async/zone.dart:1516:10)
#73     runZoned (dart:async/zone.dart:1463:12)
#74     AppContext.run (package:flutter_tools/src/base/context.dart:152:18)
<asynchronous suspension>
#75     runInContext (package:flutter_tools/src/context_runner.dart:56:24)
<asynchronous suspension>
#76     run (package:flutter_tools/runner.dart:51:10)
#77     main (package:flutter_tools/executable.dart:62:9)
<asynchronous suspension>
#78     main (file:///C:/flutter/packages/flutter_tools/bin/flutter_tools.dart:8:3)
#79     _startIsolate.<anonymous closure> (dart:isolate-patch/isolate_patch.dart:299:32)
#80     _RawReceivePortImpl._handleMessage (dart:isolate-patch/isolate_patch.dart:172:12)
```
