Flutter crash report; please file at https://github.com/flutter/flutter/issues.

## command

flutter pub get

## exception

YamlException: Error on line 46, column 4: Expected a key while parsing a block mapping.
   ╷
46 │    assets:
   │    ^
   ╵

```
#0      Parser._parseBlockMappingKey (package:yaml/src/parser.dart:441:5)
#1      Parser._stateMachine (package:yaml/src/parser.dart:86:16)
#2      Parser.parse (package:yaml/src/parser.dart:47:19)
#3      Loader._loadMapping (package:yaml/src/loader.dart:169:23)
#4      Loader._loadNode (package:yaml/src/loader.dart:86:16)
#5      Loader._loadMapping (package:yaml/src/loader.dart:163:19)
#6      Loader._loadNode (package:yaml/src/loader.dart:86:16)
#7      Loader._loadDocument (package:yaml/src/loader.dart:62:20)
#8      Loader.load (package:yaml/src/loader.dart:54:20)
#9      loadYamlDocument (package:yaml/yaml.dart:51:25)
#10     loadYamlNode (package:yaml/yaml.dart:42:5)
#11     loadYaml (package:yaml/yaml.dart:34:5)
#12     FlutterManifest.createFromString (package:flutter_tools/src/flutter_manifest.dart:38:28)
#13     FlutterManifest.createFromPath (package:flutter_tools/src/flutter_manifest.dart:32:12)
#14     FlutterProject._readManifest (package:flutter_tools/src/project.dart:167:54)
#15     FlutterProject.fromDirectory (package:flutter_tools/src/project.dart:45:38)
#16     FlutterProject.fromPath (package:flutter_tools/src/project.dart:60:50)
#17     PackagesGetCommand.usageValues (package:flutter_tools/src/commands/packages.dart:80:55)
<asynchronous suspension>
#18     FlutterCommand._sendUsage (package:flutter_tools/src/runner/flutter_command.dart:411:58)
<asynchronous suspension>
#19     FlutterCommand.run.<anonymous closure> (package:flutter_tools/src/runner/flutter_command.dart:392:17)
<asynchronous suspension>
#20     AppContext.run.<anonymous closure> (package:flutter_tools/src/base/context.dart:153:29)
<asynchronous suspension>
#21     _rootRun (dart:async/zone.dart:1124:13)
#22     _CustomZone.run (dart:async/zone.dart:1021:19)
#23     _runZoned (dart:async/zone.dart:1516:10)
#24     runZoned (dart:async/zone.dart:1463:12)
#25     AppContext.run (package:flutter_tools/src/base/context.dart:152:18)
<asynchronous suspension>
#26     FlutterCommand.run (package:flutter_tools/src/runner/flutter_command.dart:375:20)
#27     CommandRunner.runCommand (package:args/command_runner.dart:197:27)
<asynchronous suspension>
#28     FlutterCommandRunner.runCommand.<anonymous closure> (package:flutter_tools/src/runner/flutter_command_runner.dart:396:21)
<asynchronous suspension>
#29     AppContext.run.<anonymous closure> (package:flutter_tools/src/base/context.dart:153:29)
<asynchronous suspension>
#30     _rootRun (dart:async/zone.dart:1124:13)
#31     _CustomZone.run (dart:async/zone.dart:1021:19)
#32     _runZoned (dart:async/zone.dart:1516:10)
#33     runZoned (dart:async/zone.dart:1463:12)
#34     AppContext.run (package:flutter_tools/src/base/context.dart:152:18)
<asynchronous suspension>
#35     FlutterCommandRunner.runCommand (package:flutter_tools/src/runner/flutter_command_runner.dart:356:19)
<asynchronous suspension>
#36     CommandRunner.run.<anonymous closure> (package:args/command_runner.dart:112:25)
#37     new Future.sync (dart:async/future.dart:224:31)
#38     CommandRunner.run (package:args/command_runner.dart:112:14)
#39     FlutterCommandRunner.run (package:flutter_tools/src/runner/flutter_command_runner.dart:242:18)
#40     run.<anonymous closure>.<anonymous closure> (package:flutter_tools/runner.dart:62:22)
<asynchronous suspension>
#41     _rootRun (dart:async/zone.dart:1124:13)
#42     _CustomZone.run (dart:async/zone.dart:1021:19)
#43     _runZoned (dart:async/zone.dart:1516:10)
#44     runZoned (dart:async/zone.dart:1500:12)
#45     run.<anonymous closure> (package:flutter_tools/runner.dart:60:18)
<asynchronous suspension>
#46     AppContext.run.<anonymous closure> (package:flutter_tools/src/base/context.dart:153:29)
<asynchronous suspension>
#47     _rootRun (dart:async/zone.dart:1124:13)
#48     _CustomZone.run (dart:async/zone.dart:1021:19)
#49     _runZoned (dart:async/zone.dart:1516:10)
#50     runZoned (dart:async/zone.dart:1463:12)
#51     AppContext.run (package:flutter_tools/src/base/context.dart:152:18)
<asynchronous suspension>
#52     runInContext (package:flutter_tools/src/context_runner.dart:56:24)
<asynchronous suspension>
#53     run (package:flutter_tools/runner.dart:51:10)
#54     main (package:flutter_tools/executable.dart:62:9)
<asynchronous suspension>
#55     main (file:///C:/flutter/packages/flutter_tools/bin/flutter_tools.dart:8:3)
#56     _startIsolate.<anonymous closure> (dart:isolate-patch/isolate_patch.dart:299:32)
#57     _RawReceivePortImpl._handleMessage (dart:isolate-patch/isolate_patch.dart:172:12)
```

## flutter doctor

```
encountered exception: VersionCheckError: Command exited with code 128: git log -n 1 --pretty=format:%ad --date=iso
Standard error: fatal: bad config line 1 in file .git/config


#0      _runSync (package:flutter_tools/src/version.dart:522:5)
#1      FlutterVersion._latestGitCommitDate (package:flutter_tools/src/version.dart:142:12)
#2      FlutterVersion.frameworkCommitDate (package:flutter_tools/src/version.dart:133:37)
#3      FlutterVersion.frameworkDate (package:flutter_tools/src/version.dart:95:31)
#4      FlutterValidator.validate (package:flutter_tools/src/doctor.dart:501:127)
<asynchronous suspension>
#5      Doctor.startValidatorTasks (package:flutter_tools/src/doctor.dart:152:52)
#6      Doctor.diagnose (package:flutter_tools/src/doctor.dart:223:41)
<asynchronous suspension>
#7      _doctorText.<anonymous closure> (package:flutter_tools/runner.dart:193:26)
#8      AppContext.run.<anonymous closure> (package:flutter_tools/src/base/context.dart:153:29)
<asynchronous suspension>
#9      _rootRun (dart:async/zone.dart:1124:13)
#10     _CustomZone.run (dart:async/zone.dart:1021:19)
#11     _runZoned (dart:async/zone.dart:1516:10)
#12     runZoned (dart:async/zone.dart:1463:12)
#13     AppContext.run (package:flutter_tools/src/base/context.dart:152:18)
<asynchronous suspension>
#14     _doctorText (package:flutter_tools/runner.dart:192:19)
<asynchronous suspension>
#15     _createLocalCrashReport (package:flutter_tools/runner.dart:170:32)
<asynchronous suspension>
#16     _handleToolError (package:flutter_tools/runner.dart:125:33)
<asynchronous suspension>
#17     run.<anonymous closure>.<anonymous closure> (package:flutter_tools/runner.dart:65:22)
<asynchronous suspension>
#18     _rootRun (dart:async/zone.dart:1124:13)
#19     _CustomZone.run (dart:async/zone.dart:1021:19)
#20     _runZoned (dart:async/zone.dart:1516:10)
#21     runZoned (dart:async/zone.dart:1500:12)
#22     run.<anonymous closure> (package:flutter_tools/runner.dart:60:18)
<asynchronous suspension>
#23     AppContext.run.<anonymous closure> (package:flutter_tools/src/base/context.dart:153:29)
<asynchronous suspension>
#24     _rootRun (dart:async/zone.dart:1124:13)
#25     _CustomZone.run (dart:async/zone.dart:1021:19)
#26     _runZoned (dart:async/zone.dart:1516:10)
#27     runZoned (dart:async/zone.dart:1463:12)
#28     AppContext.run (package:flutter_tools/src/base/context.dart:152:18)
<asynchronous suspension>
#29     runInContext (package:flutter_tools/src/context_runner.dart:56:24)
<asynchronous suspension>
#30     run (package:flutter_tools/runner.dart:51:10)
#31     main (package:flutter_tools/executable.dart:62:9)
<asynchronous suspension>
#32     main (file:///C:/flutter/packages/flutter_tools/bin/flutter_tools.dart:8:3)
#33     _startIsolate.<anonymous closure> (dart:isolate-patch/isolate_patch.dart:299:32)
#34     _RawReceivePortImpl._handleMessage (dart:isolate-patch/isolate_patch.dart:172:12)
```
